[INFO] 22:41:28:258 CONSOLA/(4586:4586): Boca
[INFO] 22:41:35:295 CONSOLA/(4658:4658): Boca
[INFO] 22:48:40:131 CONSOLA/(5375:5375): Boca
[INFO] 22:48:40:131 CONSOLA/(5375:5375): Se leyo el archivo correctamente
[INFO] 22:49:42:191 CONSOLA/(5472:5472): Se leyo el archivo correctamente
[INFO] 22:49:42:191 CONSOLA/(5472:5472): Boca
[INFO] 23:20:24:103 CONSOLA/(6357:6357): Tamanio del primer segmento: 64
[INFO] 23:20:24:103 CONSOLA/(6357:6357): Se leyo el archivo correctamente
[INFO] 23:20:24:103 CONSOLA/(6357:6357): Boca
[INFO] 23:20:46:488 CONSOLA/(6396:6396): Tamanio del primer segmento: 842080300
[INFO] 23:20:46:494 CONSOLA/(6396:6396): Se leyo el archivo correctamente
[INFO] 23:20:46:494 CONSOLA/(6396:6396): Boca
[INFO] 23:21:23:433 CONSOLA/(6437:6437): Tamanio del primer segmento: 842080300
[INFO] 23:21:23:444 CONSOLA/(6437:6437): Se leyo el archivo correctamente
[INFO] 23:21:23:444 CONSOLA/(6437:6437): Boca
[INFO] 23:24:23:328 CONSOLA/(6521:6521): Tamanio del primer segmento: 128
[INFO] 23:24:23:330 CONSOLA/(6521:6521): Se leyo el archivo correctamente
[INFO] 23:24:23:330 CONSOLA/(6521:6521): Boca
[INFO] 23:24:42:984 CONSOLA/(6570:6570): Tamanio del primer segmento: 256
[INFO] 23:24:42:984 CONSOLA/(6570:6570): Se leyo el archivo correctamente
[INFO] 23:24:42:984 CONSOLA/(6570:6570): Boca
[INFO] 23:24:52:184 CONSOLA/(6613:6613): Tamanio del primer segmento: 32
[INFO] 23:24:52:184 CONSOLA/(6613:6613): Se leyo el archivo correctamente
[INFO] 23:24:52:185 CONSOLA/(6613:6613): Boca
[INFO] 20:05:06:979 CONSOLA/(2500:2500): Config creado
[INFO] 20:05:36:275 CONSOLA/(2749:2749): Config creado
[INFO] 20:06:47:608 CONSOLA/(2816:2816): Config creado
[INFO] 20:06:47:608 CONSOLA/(2816:2816): Se leyo el archivo correctamente
[INFO] 20:06:47:609 CONSOLA/(2816:2816): Se guardo el registro AX
[INFO] 20:06:47:609 CONSOLA/(2816:2816): Se guardo el registro CX
[INFO] 20:06:47:609 CONSOLA/(2816:2816): Se guardo el registro DISCO
[INFO] 20:38:43:715 CONSOLA/(3931:3931): Config creado
[INFO] 20:38:43:718 CONSOLA/(3931:3931): Se leyo el archivo correctamente
[INFO] 20:38:43:718 CONSOLA/(3931:3931): Se guardo el registro 0
[INFO] 20:39:08:735 CONSOLA/(3967:3967): Config creado
[INFO] 20:39:08:737 CONSOLA/(3967:3967): Se leyo el archivo correctamente
[INFO] 20:39:08:737 CONSOLA/(3967:3967): Se guardo el registro 0
[INFO] 20:39:54:965 CONSOLA/(4024:4024): Config creado
[INFO] 20:39:54:966 CONSOLA/(4024:4024): Se leyo el archivo correctamente
[INFO] 20:39:54:966 CONSOLA/(4024:4024): Se guardo el registro 0
[INFO] 20:39:54:966 CONSOLA/(4024:4024): Se guardo el registro 2
[INFO] 20:39:54:967 CONSOLA/(4024:4024): Se guardo el registro -15
[INFO] 20:43:58:630 CONSOLA/(4140:4140): Config creado
[INFO] 20:43:58:635 CONSOLA/(4140:4140): Se leyo el archivo correctamente
[INFO] 20:43:58:635 CONSOLA/(4140:4140): Se guardo el registro 0
[INFO] 20:43:58:635 CONSOLA/(4140:4140): Se guardo el registro 2
[INFO] 20:44:29:359 CONSOLA/(4229:4229): Config creado
[INFO] 20:44:29:359 CONSOLA/(4229:4229): Se leyo el archivo correctamente
[INFO] 20:44:29:359 CONSOLA/(4229:4229): Se guardo el registro 0
[INFO] 20:44:29:359 CONSOLA/(4229:4229): Se guardo el registro 2
[INFO] 20:44:29:359 CONSOLA/(4229:4229): Se guardo el registro -15
[INFO] 21:20:58:739 CONSOLA/(6245:6245): Config creado
[INFO] 21:20:58:741 CONSOLA/(6245:6245): Se leyo el archivo correctamente
[INFO] 21:20:58:741 CONSOLA/(6245:6245): Se guardo el registro 0
[INFO] 21:20:58:741 CONSOLA/(6245:6245): Valor 1
[INFO] 21:20:58:741 CONSOLA/(6245:6245): Se guardo el registro 2
[INFO] 21:20:58:742 CONSOLA/(6245:6245): Valor 4
[INFO] 21:30:06:075 CONSOLA/(6590:6590): Config creado
[INFO] 21:30:06:076 CONSOLA/(6590:6590): Se leyo el archivo correctamente
[INFO] 21:30:06:076 CONSOLA/(6590:6590): Se guardo el registro 0
[INFO] 21:30:06:076 CONSOLA/(6590:6590): Valor 1
[INFO] 21:30:06:076 CONSOLA/(6590:6590): Se guardo el registro 2
[INFO] 21:30:06:076 CONSOLA/(6590:6590): Valor 4
[INFO] 21:32:35:770 CONSOLA/(6836:6836): Config creado
[INFO] 21:32:35:771 CONSOLA/(6836:6836): Se leyo el archivo correctamente
[INFO] 21:32:35:771 CONSOLA/(6836:6836): Se guardo el registro 0
[INFO] 21:32:35:771 CONSOLA/(6836:6836): Valor 1
[INFO] 21:32:35:771 CONSOLA/(6836:6836): Se guardo el registro 2
[INFO] 21:32:35:771 CONSOLA/(6836:6836): Valor 4
[INFO] 21:34:13:197 CONSOLA/(6919:6919): Config creado
[INFO] 21:34:13:198 CONSOLA/(6919:6919): Se leyo el archivo correctamente
[INFO] 21:34:13:198 CONSOLA/(6919:6919): Se guardo el registro 0
[INFO] 21:34:13:198 CONSOLA/(6919:6919): Valor 1
[INFO] 21:34:13:198 CONSOLA/(6919:6919): Se guardo el registro 2
[INFO] 21:34:13:199 CONSOLA/(6919:6919): Valor 4
[INFO] 21:36:47:625 CONSOLA/(7030:7030): Config creado
[INFO] 21:36:47:625 CONSOLA/(7030:7030): Se leyo el archivo correctamente
[INFO] 21:36:47:625 CONSOLA/(7030:7030): Se guardo el registro 0
[INFO] 21:36:47:625 CONSOLA/(7030:7030): Valor 1
[INFO] 21:36:47:625 CONSOLA/(7030:7030): Se guardo el registro 2
[INFO] 21:36:47:625 CONSOLA/(7030:7030): Valor 4
[INFO] 21:38:16:016 CONSOLA/(7117:7117): Config creado
[INFO] 21:38:16:016 CONSOLA/(7117:7117): Se leyo el archivo correctamente
[INFO] 21:38:16:016 CONSOLA/(7117:7117): Se guardo el registro 0
[INFO] 21:38:16:021 CONSOLA/(7117:7117): Valor 1
[INFO] 21:38:16:021 CONSOLA/(7117:7117): Se guardo el registro 2
[INFO] 21:38:16:021 CONSOLA/(7117:7117): Valor 4
[INFO] 21:45:36:318 CONSOLA/(7328:7328): Config creado
[INFO] 21:45:36:319 CONSOLA/(7328:7328): Se leyo el archivo correctamente
[INFO] 21:45:36:319 CONSOLA/(7328:7328): Se guardo el registro 0
[INFO] 21:45:36:319 CONSOLA/(7328:7328): Valor 1
[INFO] 21:45:36:319 CONSOLA/(7328:7328): Se guardo el registro 2
[INFO] 21:45:36:319 CONSOLA/(7328:7328): Valor 4
[INFO] 21:48:09:181 CONSOLA/(7432:7432): Config creado
[INFO] 21:48:10:940 CONSOLA/(7432:7432): Se leyo el archivo correctamente
[INFO] 21:48:42:255 CONSOLA/(7432:7432): Se guardo el registro 0
[INFO] 21:48:42:950 CONSOLA/(7432:7432): Valor 1
[INFO] 21:52:55:904 CONSOLA/(7631:7631): Config creado
[INFO] 21:52:55:906 CONSOLA/(7631:7631): Se leyo el archivo correctamente
[INFO] 21:52:55:906 CONSOLA/(7631:7631): Se guardo el registro 0
[INFO] 21:52:55:906 CONSOLA/(7631:7631): Valor 1
[INFO] 21:52:55:906 CONSOLA/(7631:7631): Se guardo el registro 2
[INFO] 21:52:55:906 CONSOLA/(7631:7631): Valor 4
[INFO] 22:19:09:094 CONSOLA/(7761:7761): Config creado
[INFO] 22:19:09:100 CONSOLA/(7761:7761): Se leyo el archivo correctamente
[INFO] 22:19:09:100 CONSOLA/(7761:7761): Se guardo el registro 0
[INFO] 22:19:09:100 CONSOLA/(7761:7761): Valor 1
[INFO] 22:19:09:100 CONSOLA/(7761:7761): Se guardo el registro 2
[INFO] 22:19:09:100 CONSOLA/(7761:7761): Valor 4
[INFO] 22:21:08:170 CONSOLA/(8004:8004): Config creado
[INFO] 22:21:08:172 CONSOLA/(8004:8004): Se leyo el archivo correctamente
[INFO] 22:21:14:261 CONSOLA/(8038:8038): Config creado
[INFO] 22:21:14:263 CONSOLA/(8038:8038): Se leyo el archivo correctamente
[INFO] 22:24:41:793 CONSOLA/(8179:8179): Config creado
[INFO] 22:24:49:185 CONSOLA/(8179:8179): Se leyo el archivo correctamente
[INFO] 22:25:33:515 CONSOLA/(8251:8251): Config creado
[INFO] 22:25:34:968 CONSOLA/(8251:8251): Se leyo el archivo correctamente
[INFO] 22:26:04:348 CONSOLA/(8315:8315): Config creado
[INFO] 22:26:07:770 CONSOLA/(8315:8315): Se leyo el archivo correctamente
[INFO] 22:27:11:787 CONSOLA/(8441:8441): Config creado
[INFO] 22:27:11:797 CONSOLA/(8441:8441): Se leyo el archivo correctamente
[INFO] 22:31:11:846 CONSOLA/(8524:8524): Config creado
[INFO] 22:31:11:846 CONSOLA/(8524:8524): Se leyo el archivo correctamente
[INFO] 22:37:28:504 CONSOLA/(8890:8890): Config creado
[INFO] 22:37:28:505 CONSOLA/(8890:8890): Se leyo el archivo correctamente
[INFO] 22:41:15:728 CONSOLA/(9076:9076): Config creado
[INFO] 22:41:15:728 CONSOLA/(9076:9076): Se leyo el archivo correctamente
[INFO] 22:42:04:068 CONSOLA/(9178:9178): Config creado
[INFO] 22:42:04:072 CONSOLA/(9178:9178): Se leyo el archivo correctamente
[INFO] 22:42:56:735 CONSOLA/(9235:9235): Config creado
[INFO] 22:42:56:735 CONSOLA/(9235:9235): Se leyo el archivo correctamente
[INFO] 22:44:05:015 CONSOLA/(9312:9312): Config creado
[INFO] 22:44:05:016 CONSOLA/(9312:9312): Se leyo el archivo correctamente
[INFO] 22:52:13:502 CONSOLA/(9719:9719): Config creado
[INFO] 22:52:13:502 CONSOLA/(9719:9719): Se leyo el archivo correctamente
[INFO] 22:54:46:064 CONSOLA/(9908:9908): Config creado
[INFO] 22:54:46:064 CONSOLA/(9908:9908): Se leyo el archivo correctamente
[INFO] 22:58:53:755 CONSOLA/(10022:10022): Config creado
[INFO] 22:58:53:759 CONSOLA/(10022:10022): Se leyo el archivo correctamente
[INFO] 23:07:17:919 CONSOLA/(10613:10613): Config creado
[INFO] 23:07:17:920 CONSOLA/(10613:10613): Se leyo el archivo correctamente
[INFO] 23:12:57:026 CONSOLA/(10998:10998): Config creado
[INFO] 23:12:57:026 CONSOLA/(10998:10998): Se leyo el archivo correctamente
[INFO] 12:30:43:601 CONSOLA/(5331:5331): Config creado
[INFO] 12:30:43:615 CONSOLA/(5331:5331): Se leyo el archivo correctamente
[INFO] 18:13:56:456 CONSOLA/(1893:1893): Config creado
[INFO] 18:13:56:458 CONSOLA/(1893:1893): Se leyo el archivo correctamente
[INFO] 18:25:09:414 CONSOLA/(2801:2801): Config creado
[INFO] 18:25:09:427 CONSOLA/(2801:2801): Se leyo el archivo correctamente
[INFO] 18:29:33:439 CONSOLA/(3246:3246): Config creado
[INFO] 18:29:33:440 CONSOLA/(3246:3246): Se leyo el archivo correctamente
[INFO] 18:33:04:899 CONSOLA/(3644:3644): Config creado
[INFO] 18:33:04:899 CONSOLA/(3644:3644): Se leyo el archivo correctamente
[INFO] 18:33:37:154 CONSOLA/(3679:3679): Config creado
[INFO] 18:33:37:161 CONSOLA/(3679:3679): Se leyo el archivo correctamente
[INFO] 18:34:30:674 CONSOLA/(3783:3783): Config creado
[INFO] 18:34:30:675 CONSOLA/(3783:3783): Se leyo el archivo correctamente
[INFO] 18:35:03:290 CONSOLA/(3825:3825): Config creado
[INFO] 18:35:03:291 CONSOLA/(3825:3825): Se leyo el archivo correctamente
[INFO] 18:39:50:753 CONSOLA/(4099:4099): Config creado
[INFO] 18:39:57:536 CONSOLA/(4099:4099): Se leyo el archivo correctamente
[INFO] 18:43:01:625 CONSOLA/(4321:4321): Config creado
[INFO] 18:43:01:626 CONSOLA/(4321:4321): Se leyo el archivo correctamente
[INFO] 22:17:50:467 CONSOLA/(2091:2091): Config creado
[INFO] 22:17:50:469 CONSOLA/(2091:2091): Se leyo el archivo correctamente
[INFO] 22:53:37:626 CONSOLA/(3576:3576): Config creado
[INFO] 22:53:37:629 CONSOLA/(3576:3576): Se leyo el archivo correctamente
[INFO] 22:57:07:818 CONSOLA/(3721:3721): Config creado
[INFO] 22:57:07:824 CONSOLA/(3721:3721): Se leyo el archivo correctamente
[INFO] 22:59:01:791 CONSOLA/(3791:3791): Config creado
[INFO] 22:59:01:802 CONSOLA/(3791:3791): Se leyo el archivo correctamente
[INFO] 23:01:07:244 CONSOLA/(3989:3989): Config creado
[INFO] 23:01:07:246 CONSOLA/(3989:3989): Se leyo el archivo correctamente
[INFO] 23:01:33:026 CONSOLA/(4022:4022): Config creado
[INFO] 23:01:33:027 CONSOLA/(4022:4022): Se leyo el archivo correctamente
[INFO] 23:01:33:030 CONSOLA/(4022:4022): Se imprime el valor 3 por pantalla a pedido del kernel
[INFO] 23:02:47:400 CONSOLA/(4084:4084): Config creado
[INFO] 23:02:47:400 CONSOLA/(4084:4084): Se leyo el archivo correctamente
[INFO] 23:02:47:403 CONSOLA/(4084:4084): Se imprime el valor 3 por pantalla a pedido del kernel
[INFO] 23:02:47:403 CONSOLA/(4084:4084): Me llego el mensaje Finalizar
[INFO] 23:08:58:878 CONSOLA/(4255:4255): Config creado
[INFO] 23:08:58:879 CONSOLA/(4255:4255): Se leyo el archivo correctamente
[INFO] 23:08:58:881 CONSOLA/(4255:4255): Se imprime el valor 3 por pantalla a pedido del kernel
[INFO] 23:08:58:882 CONSOLA/(4255:4255): Me llego el mensaje Finalizar
[INFO] 22:38:51:791 CONSOLA/(3930:3930): Config creado
[INFO] 22:38:51:802 CONSOLA/(3930:3930): Se leyo el archivo correctamente
[INFO] 22:38:51:820 CONSOLA/(3930:3930): Se imprime el valor 3 por pantalla a pedido del kernel
[INFO] 22:38:51:821 CONSOLA/(3930:3930): Me llego el mensaje Finalizar
[INFO] 22:53:53:608 CONSOLA/(4867:4867): Config creado
[INFO] 22:53:53:610 CONSOLA/(4867:4867): Se leyo el archivo correctamente
[INFO] 22:54:50:828 CONSOLA/(4924:4924): Config creado
[INFO] 22:54:50:828 CONSOLA/(4924:4924): Se leyo el archivo correctamente
[INFO] 22:58:37:877 CONSOLA/(5127:5127): Config creado
[INFO] 22:58:37:877 CONSOLA/(5127:5127): Se leyo el archivo correctamente
[INFO] 22:58:37:877 CONSOLA/(5127:5127): 7
[INFO] 22:59:35:727 CONSOLA/(5193:5193): Config creado
[INFO] 22:59:35:728 CONSOLA/(5193:5193): Se leyo el archivo correctamente
[INFO] 22:59:35:729 CONSOLA/(5193:5193): 7
[INFO] 22:59:35:739 CONSOLA/(5193:5193): Se imprime el valor 3 por pantalla a pedido del kernel
[INFO] 23:00:47:405 CONSOLA/(5274:5274): Config creado
[INFO] 23:00:47:406 CONSOLA/(5274:5274): Se leyo el archivo correctamente
[INFO] 23:00:47:406 CONSOLA/(5274:5274): 7
[INFO] 23:00:47:429 CONSOLA/(5274:5274): Se imprime el valor 3 por pantalla a pedido del kernel
[INFO] 23:02:42:170 CONSOLA/(5461:5461): Config creado
[INFO] 23:02:42:172 CONSOLA/(5461:5461): Se leyo el archivo correctamente
[INFO] 23:02:42:172 CONSOLA/(5461:5461): 7
[INFO] 23:02:42:180 CONSOLA/(5461:5461): Se imprime el valor 3 por pantalla a pedido del kernel
[INFO] 23:03:43:944 CONSOLA/(5520:5520): Config creado
[INFO] 23:03:43:948 CONSOLA/(5520:5520): Se leyo el archivo correctamente
[INFO] 23:03:43:948 CONSOLA/(5520:5520): 7
[INFO] 23:03:43:951 CONSOLA/(5520:5520): Se imprime el valor 3 por pantalla a pedido del kernel
[INFO] 23:03:43:951 CONSOLA/(5520:5520): Me llego el mensaje Finalizar
[INFO] 23:36:37:080 CONSOLA/(3431:3431): Config creado
[INFO] 23:36:37:084 CONSOLA/(3431:3431): Se leyo el archivo correctamente
[INFO] 23:36:37:090 CONSOLA/(3431:3431): Se imprime el valor 3 por pantalla a pedido del kernel
[INFO] 23:36:37:090 CONSOLA/(3431:3431): Me llego el mensaje Finalizar
[INFO] 23:39:21:206 CONSOLA/(3641:3641): Config creado
[INFO] 23:39:21:207 CONSOLA/(3641:3641): Se leyo el archivo correctamente
[INFO] 23:39:21:210 CONSOLA/(3641:3641): Se imprime el valor 3 por pantalla a pedido del kernel
[INFO] 23:39:21:211 CONSOLA/(3641:3641): Me llego el mensaje Finalizar
[INFO] 23:41:09:400 CONSOLA/(3734:3734): Config creado
[INFO] 23:41:09:401 CONSOLA/(3734:3734): Se leyo el archivo correctamente
[INFO] 23:41:09:404 CONSOLA/(3734:3734): Se imprime el valor 3 por pantalla a pedido del kernel
[INFO] 23:41:09:404 CONSOLA/(3734:3734): Me llego el mensaje Finalizar
[INFO] 23:42:14:276 CONSOLA/(3818:3818): Config creado
[INFO] 23:42:14:277 CONSOLA/(3818:3818): Se leyo el archivo correctamente
[INFO] 23:42:14:280 CONSOLA/(3818:3818): Se imprime el valor 3 por pantalla a pedido del kernel
[INFO] 23:42:14:280 CONSOLA/(3818:3818): Me llego el mensaje Finalizar
[INFO] 23:44:11:057 CONSOLA/(3967:3967): Config creado
[INFO] 23:44:11:058 CONSOLA/(3967:3967): Se leyo el archivo correctamente
[INFO] 23:44:11:061 CONSOLA/(3967:3967): Se imprime el valor 3 por pantalla a pedido del kernel
[INFO] 23:44:11:061 CONSOLA/(3967:3967): Me llego el mensaje Finalizar
[INFO] 23:45:09:735 CONSOLA/(4034:4034): Config creado
[INFO] 23:45:09:736 CONSOLA/(4034:4034): Se leyo el archivo correctamente
[INFO] 23:45:09:739 CONSOLA/(4034:4034): Se imprime el valor 3 por pantalla a pedido del kernel
[INFO] 23:45:09:739 CONSOLA/(4034:4034): Me llego el mensaje Finalizar
[INFO] 23:47:59:748 CONSOLA/(4155:4155): Config creado
[INFO] 23:47:59:749 CONSOLA/(4155:4155): Se leyo el archivo correctamente
[INFO] 23:47:59:751 CONSOLA/(4155:4155): Se imprime el valor 3 por pantalla a pedido del kernel
[INFO] 23:47:59:752 CONSOLA/(4155:4155): Me llego el mensaje Finalizar
[INFO] 23:51:39:412 CONSOLA/(4395:4395): Config creado
[INFO] 23:51:39:413 CONSOLA/(4395:4395): Se leyo el archivo correctamente
[INFO] 23:51:39:418 CONSOLA/(4395:4395): Se imprime el valor 3 por pantalla a pedido del kernel
[INFO] 23:51:39:418 CONSOLA/(4395:4395): Me llego el mensaje Finalizar
[INFO] 23:54:53:132 CONSOLA/(4529:4529): Config creado
[INFO] 23:54:53:135 CONSOLA/(4529:4529): Se leyo el archivo correctamente
[INFO] 23:54:53:138 CONSOLA/(4529:4529): Se imprime el valor 3 por pantalla a pedido del kernel
[INFO] 23:54:53:138 CONSOLA/(4529:4529): Me llego el mensaje Finalizar
[INFO] 23:59:55:269 CONSOLA/(4664:4664): Config creado
[INFO] 23:59:55:275 CONSOLA/(4664:4664): Se leyo el archivo correctamente
[INFO] 23:59:55:278 CONSOLA/(4664:4664): Se imprime el valor 3 por pantalla a pedido del kernel
[INFO] 23:59:55:278 CONSOLA/(4664:4664): Me llego el mensaje Finalizar
[INFO] 00:01:32:849 CONSOLA/(4850:4850): Config creado
[INFO] 00:01:32:850 CONSOLA/(4850:4850): Se leyo el archivo correctamente
[INFO] 00:01:32:853 CONSOLA/(4850:4850): Se imprime el valor 3 por pantalla a pedido del kernel
[INFO] 00:01:32:853 CONSOLA/(4850:4850): Me llego el mensaje Finalizar
[INFO] 00:06:58:951 CONSOLA/(5057:5057): Config creado
[INFO] 00:06:58:953 CONSOLA/(5057:5057): Se leyo el archivo correctamente
[INFO] 00:06:58:956 CONSOLA/(5057:5057): Se imprime el valor 3 por pantalla a pedido del kernel
[INFO] 00:06:58:956 CONSOLA/(5057:5057): Me llego el mensaje Finalizar
[INFO] 00:10:52:206 CONSOLA/(5166:5166): Config creado
[INFO] 00:10:52:207 CONSOLA/(5166:5166): Se leyo el archivo correctamente
[INFO] 00:10:52:209 CONSOLA/(5166:5166): Se imprime el valor 3 por pantalla a pedido del kernel
[INFO] 00:10:52:209 CONSOLA/(5166:5166): Me llego el mensaje Finalizar
[INFO] 00:11:47:898 CONSOLA/(5238:5238): Config creado
[INFO] 00:11:47:899 CONSOLA/(5238:5238): Se leyo el archivo correctamente
[INFO] 00:11:47:902 CONSOLA/(5238:5238): Se imprime el valor 3 por pantalla a pedido del kernel
[INFO] 00:11:47:902 CONSOLA/(5238:5238): Me llego el mensaje Finalizar
[INFO] 00:12:28:878 CONSOLA/(5316:5316): Config creado
[INFO] 00:12:28:880 CONSOLA/(5316:5316): Se leyo el archivo correctamente
[INFO] 00:12:28:883 CONSOLA/(5316:5316): Se imprime el valor 3 por pantalla a pedido del kernel
[INFO] 00:12:28:883 CONSOLA/(5316:5316): Me llego el mensaje Finalizar
[INFO] 00:16:56:833 CONSOLA/(5494:5494): Config creado
[INFO] 00:16:56:834 CONSOLA/(5494:5494): Se leyo el archivo correctamente
[INFO] 00:16:56:836 CONSOLA/(5494:5494): Se imprime el valor 3 por pantalla a pedido del kernel
[INFO] 00:16:56:836 CONSOLA/(5494:5494): Me llego el mensaje Finalizar
[INFO] 00:20:13:637 CONSOLA/(5663:5663): Config creado
[INFO] 00:20:13:639 CONSOLA/(5663:5663): Se leyo el archivo correctamente
[INFO] 00:20:13:642 CONSOLA/(5663:5663): Se imprime el valor 3 por pantalla a pedido del kernel
[INFO] 00:20:13:642 CONSOLA/(5663:5663): Me llego el mensaje Finalizar
[INFO] 00:24:54:900 CONSOLA/(6056:6056): Config creado
[INFO] 00:24:54:902 CONSOLA/(6056:6056): Se leyo el archivo correctamente
[INFO] 00:24:54:904 CONSOLA/(6056:6056): Se imprime el valor 3 por pantalla a pedido del kernel
[INFO] 00:24:54:904 CONSOLA/(6056:6056): Me llego el mensaje Finalizar
[INFO] 01:26:32:064 CONSOLA/(6563:6563): Config creado
[INFO] 01:26:32:065 CONSOLA/(6563:6563): Se leyo el archivo correctamente
[INFO] 01:26:32:067 CONSOLA/(6563:6563): Se imprime el valor 3 por pantalla a pedido del kernel
[INFO] 01:26:32:068 CONSOLA/(6563:6563): Me llego el mensaje Finalizar
[INFO] 01:31:49:576 CONSOLA/(6900:6900): Config creado
[INFO] 01:31:49:576 CONSOLA/(6900:6900): Se leyo el archivo correctamente
[INFO] 01:31:49:579 CONSOLA/(6900:6900): Se imprime el valor 3 por pantalla a pedido del kernel
[INFO] 01:31:49:579 CONSOLA/(6900:6900): Me llego el mensaje Finalizar
[INFO] 01:32:25:854 CONSOLA/(6950:6950): Config creado
[INFO] 01:32:25:855 CONSOLA/(6950:6950): Se leyo el archivo correctamente
[INFO] 01:32:25:858 CONSOLA/(6950:6950): Se imprime el valor 3 por pantalla a pedido del kernel
[INFO] 01:32:25:858 CONSOLA/(6950:6950): Me llego el mensaje Finalizar
[INFO] 01:33:03:013 CONSOLA/(7017:7017): Config creado
[INFO] 01:33:03:015 CONSOLA/(7017:7017): Se leyo el archivo correctamente
[INFO] 01:33:03:017 CONSOLA/(7017:7017): Se imprime el valor 3 por pantalla a pedido del kernel
[INFO] 01:33:03:017 CONSOLA/(7017:7017): Me llego el mensaje Finalizar
[INFO] 01:34:37:240 CONSOLA/(7115:7115): Config creado
[INFO] 01:34:37:241 CONSOLA/(7115:7115): Se leyo el archivo correctamente
[INFO] 01:34:37:244 CONSOLA/(7115:7115): Se imprime el valor 3 por pantalla a pedido del kernel
[INFO] 01:34:37:244 CONSOLA/(7115:7115): Me llego el mensaje Finalizar
[INFO] 01:37:00:921 CONSOLA/(7250:7250): Config creado
[INFO] 01:37:00:922 CONSOLA/(7250:7250): Se leyo el archivo correctamente
[INFO] 01:37:00:924 CONSOLA/(7250:7250): Se imprime el valor 3 por pantalla a pedido del kernel
[INFO] 01:37:00:924 CONSOLA/(7250:7250): Me llego el mensaje Finalizar
[INFO] 01:40:20:390 CONSOLA/(7384:7384): Config creado
[INFO] 01:40:20:391 CONSOLA/(7384:7384): Se leyo el archivo correctamente
[INFO] 01:40:20:393 CONSOLA/(7384:7384): Se imprime el valor 3 por pantalla a pedido del kernel
[INFO] 01:40:20:394 CONSOLA/(7384:7384): Me llego el mensaje Finalizar
[INFO] 01:45:53:015 CONSOLA/(7592:7592): Config creado
[INFO] 01:45:53:016 CONSOLA/(7592:7592): Se leyo el archivo correctamente
[INFO] 01:45:53:019 CONSOLA/(7592:7592): Se imprime el valor 3 por pantalla a pedido del kernel
[INFO] 01:45:53:019 CONSOLA/(7592:7592): Me llego el mensaje Finalizar
[INFO] 01:59:04:024 CONSOLA/(7981:7981): Config creado
[INFO] 01:59:04:025 CONSOLA/(7981:7981): Se leyo el archivo correctamente
[INFO] 01:59:04:027 CONSOLA/(7981:7981): Se imprime el valor 3 por pantalla a pedido del kernel
[INFO] 01:59:04:027 CONSOLA/(7981:7981): Me llego el mensaje Finalizar
[INFO] 02:10:30:000 CONSOLA/(8326:8326): Config creado
[INFO] 02:10:30:003 CONSOLA/(8326:8326): Se leyo el archivo correctamente
[INFO] 02:10:30:006 CONSOLA/(8326:8326): Se imprime el valor 3 por pantalla a pedido del kernel
[INFO] 02:10:30:006 CONSOLA/(8326:8326): Me llego el mensaje Finalizar
[INFO] 22:49:27:629 CONSOLA/(2010:2010): Config creado
[INFO] 22:49:27:630 CONSOLA/(2010:2010): Se leyo el archivo correctamente
[INFO] 22:49:27:638 CONSOLA/(2010:2010): Se imprime el valor 3 por pantalla a pedido del kernel
[INFO] 22:49:27:639 CONSOLA/(2010:2010): Me llego el mensaje Finalizar
[INFO] 22:50:39:552 CONSOLA/(2082:2082): Config creado
[INFO] 22:50:39:553 CONSOLA/(2082:2082): Se leyo el archivo correctamente
[INFO] 22:50:39:555 CONSOLA/(2082:2082): Se imprime el valor 3 por pantalla a pedido del kernel
[INFO] 22:50:39:555 CONSOLA/(2082:2082): Me llego el mensaje Finalizar
[INFO] 23:00:07:228 CONSOLA/(2462:2462): Config creado
[INFO] 23:00:07:229 CONSOLA/(2462:2462): Se leyo el archivo correctamente
[INFO] 23:00:07:232 CONSOLA/(2462:2462): Se imprime el valor 3 por pantalla a pedido del kernel
[INFO] 23:00:07:234 CONSOLA/(2462:2462): Me llego el mensaje Finalizar
[INFO] 23:02:26:120 CONSOLA/(2544:2544): Config creado
[INFO] 23:02:26:121 CONSOLA/(2544:2544): Se leyo el archivo correctamente
[INFO] 23:02:26:123 CONSOLA/(2544:2544): Se imprime el valor 3 por pantalla a pedido del kernel
[INFO] 23:02:26:124 CONSOLA/(2544:2544): Me llego el mensaje Finalizar
[INFO] 23:02:42:593 CONSOLA/(2560:2560): Config creado
[INFO] 23:02:42:594 CONSOLA/(2560:2560): Se leyo el archivo correctamente
[INFO] 23:02:57:197 CONSOLA/(2607:2607): Config creado
[INFO] 23:02:57:200 CONSOLA/(2607:2607): Se leyo el archivo correctamente
[INFO] 23:02:57:206 CONSOLA/(2607:2607): Se imprime el valor 3 por pantalla a pedido del kernel
[INFO] 23:02:57:207 CONSOLA/(2607:2607): Me llego el mensaje Finalizar
[INFO] 23:05:08:251 CONSOLA/(2688:2688): Config creado
[INFO] 23:05:08:252 CONSOLA/(2688:2688): Se leyo el archivo correctamente
[INFO] 23:05:08:254 CONSOLA/(2688:2688): Se imprime el valor 3 por pantalla a pedido del kernel
[INFO] 23:05:08:255 CONSOLA/(2688:2688): Me llego el mensaje Finalizar
[INFO] 23:20:02:031 CONSOLA/(2895:2895): Config creado
[INFO] 23:20:02:032 CONSOLA/(2895:2895): Se leyo el archivo correctamente
[INFO] 23:20:02:034 CONSOLA/(2895:2895): Se imprime el valor 3 por pantalla a pedido del kernel
[INFO] 23:20:02:035 CONSOLA/(2895:2895): Me llego el mensaje Finalizar
[INFO] 23:22:28:744 CONSOLA/(3100:3100): Config creado
[INFO] 23:22:28:745 CONSOLA/(3100:3100): Se leyo el archivo correctamente
[INFO] 23:22:28:747 CONSOLA/(3100:3100): Se imprime el valor 3 por pantalla a pedido del kernel
[INFO] 23:22:28:747 CONSOLA/(3100:3100): Me llego el mensaje Finalizar
[INFO] 23:34:13:535 CONSOLA/(3409:3409): Config creado
[INFO] 23:34:13:536 CONSOLA/(3409:3409): Se leyo el archivo correctamente
[INFO] 23:34:13:539 CONSOLA/(3409:3409): Se imprime el valor 3 por pantalla a pedido del kernel
[INFO] 23:34:13:539 CONSOLA/(3409:3409): Me llego el mensaje Finalizar
[INFO] 23:36:55:065 CONSOLA/(3566:3566): Config creado
[INFO] 23:36:55:066 CONSOLA/(3566:3566): Se leyo el archivo correctamente
[INFO] 23:36:55:069 CONSOLA/(3566:3566): Se imprime el valor 3 por pantalla a pedido del kernel
[INFO] 23:36:55:069 CONSOLA/(3566:3566): Me llego el mensaje Finalizar
[INFO] 23:41:30:627 CONSOLA/(4116:4116): Config creado
[INFO] 23:41:30:628 CONSOLA/(4116:4116): Se leyo el archivo correctamente
[INFO] 23:41:30:630 CONSOLA/(4116:4116): Se imprime el valor 3 por pantalla a pedido del kernel
[INFO] 23:41:30:630 CONSOLA/(4116:4116): Me llego el mensaje Finalizar
[INFO] 23:43:06:151 CONSOLA/(4269:4269): Config creado
[INFO] 23:43:06:153 CONSOLA/(4269:4269): Se leyo el archivo correctamente
[INFO] 23:43:06:156 CONSOLA/(4269:4269): Se imprime el valor 3 por pantalla a pedido del kernel
[INFO] 23:43:06:156 CONSOLA/(4269:4269): Me llego el mensaje Finalizar
[INFO] 23:47:10:567 CONSOLA/(4370:4370): Config creado
[INFO] 23:47:10:568 CONSOLA/(4370:4370): Se leyo el archivo correctamente
[INFO] 23:47:10:571 CONSOLA/(4370:4370): Se imprime el valor 3 por pantalla a pedido del kernel
[INFO] 23:47:10:571 CONSOLA/(4370:4370): Me llego el mensaje Finalizar
[INFO] 23:50:23:142 CONSOLA/(4459:4459): Config creado
[INFO] 23:50:23:143 CONSOLA/(4459:4459): Se leyo el archivo correctamente
[INFO] 23:50:23:146 CONSOLA/(4459:4459): Se imprime el valor 3 por pantalla a pedido del kernel
[INFO] 23:50:23:146 CONSOLA/(4459:4459): Me llego el mensaje Finalizar
[INFO] 23:54:33:787 CONSOLA/(4698:4698): Config creado
[INFO] 23:54:33:788 CONSOLA/(4698:4698): Se leyo el archivo correctamente
[INFO] 23:54:33:791 CONSOLA/(4698:4698): Se imprime el valor 3 por pantalla a pedido del kernel
[INFO] 23:54:33:791 CONSOLA/(4698:4698): Me llego el mensaje Finalizar
[INFO] 23:57:10:729 CONSOLA/(4814:4814): Config creado
[INFO] 23:57:10:731 CONSOLA/(4814:4814): Se leyo el archivo correctamente
[INFO] 23:57:10:734 CONSOLA/(4814:4814): Se imprime el valor 3 por pantalla a pedido del kernel
[INFO] 23:57:10:734 CONSOLA/(4814:4814): Me llego el mensaje Finalizar
[INFO] 00:01:35:283 CONSOLA/(4926:4926): Config creado
[INFO] 00:01:35:285 CONSOLA/(4926:4926): Se leyo el archivo correctamente
[INFO] 00:01:35:288 CONSOLA/(4926:4926): Se imprime el valor 3 por pantalla a pedido del kernel
[INFO] 00:01:35:288 CONSOLA/(4926:4926): Me llego el mensaje Finalizar
[INFO] 00:09:13:864 CONSOLA/(5283:5283): Config creado
[INFO] 00:09:13:865 CONSOLA/(5283:5283): Se leyo el archivo correctamente
[INFO] 00:09:13:867 CONSOLA/(5283:5283): Se imprime el valor 3 por pantalla a pedido del kernel
[INFO] 00:09:13:868 CONSOLA/(5283:5283): Me llego el mensaje Finalizar
[INFO] 00:10:18:754 CONSOLA/(5365:5365): Config creado
[INFO] 00:10:18:757 CONSOLA/(5365:5365): Se leyo el archivo correctamente
[INFO] 00:10:18:760 CONSOLA/(5365:5365): Se imprime el valor 3 por pantalla a pedido del kernel
[INFO] 00:10:18:760 CONSOLA/(5365:5365): Me llego el mensaje Finalizar
[INFO] 00:11:45:682 CONSOLA/(5547:5547): Config creado
[INFO] 00:11:45:683 CONSOLA/(5547:5547): Se leyo el archivo correctamente
[INFO] 00:11:45:685 CONSOLA/(5547:5547): Se imprime el valor 3 por pantalla a pedido del kernel
[INFO] 00:11:45:685 CONSOLA/(5547:5547): Me llego el mensaje Finalizar
[INFO] 00:12:46:972 CONSOLA/(5641:5641): Config creado
[INFO] 00:12:46:973 CONSOLA/(5641:5641): Se leyo el archivo correctamente
[INFO] 00:12:46:975 CONSOLA/(5641:5641): Se imprime el valor 3 por pantalla a pedido del kernel
[INFO] 00:12:46:976 CONSOLA/(5641:5641): Me llego el mensaje Finalizar
[INFO] 01:18:23:907 CONSOLA/(5772:5772): Config creado
[INFO] 01:18:23:908 CONSOLA/(5772:5772): Se leyo el archivo correctamente
[INFO] 01:18:23:911 CONSOLA/(5772:5772): Se imprime el valor 3 por pantalla a pedido del kernel
[INFO] 01:18:23:911 CONSOLA/(5772:5772): Me llego el mensaje Finalizar
[INFO] 01:21:23:704 CONSOLA/(5877:5877): Config creado
[INFO] 01:21:23:705 CONSOLA/(5877:5877): Se leyo el archivo correctamente
[INFO] 01:21:23:707 CONSOLA/(5877:5877): Se imprime el valor 3 por pantalla a pedido del kernel
[INFO] 01:21:23:707 CONSOLA/(5877:5877): Me llego el mensaje Finalizar
[INFO] 01:24:26:668 CONSOLA/(5967:5967): Config creado
[INFO] 01:24:26:673 CONSOLA/(5967:5967): Se leyo el archivo correctamente
[INFO] 01:24:26:676 CONSOLA/(5967:5967): Se imprime el valor 3 por pantalla a pedido del kernel
[INFO] 01:24:26:676 CONSOLA/(5967:5967): Me llego el mensaje Finalizar
[INFO] 01:30:03:971 CONSOLA/(6141:6141): Config creado
[INFO] 01:30:03:973 CONSOLA/(6141:6141): Se leyo el archivo correctamente
[INFO] 01:30:03:975 CONSOLA/(6141:6141): Se imprime el valor 3 por pantalla a pedido del kernel
[INFO] 01:30:03:975 CONSOLA/(6141:6141): Me llego el mensaje Finalizar
[INFO] 01:36:15:069 CONSOLA/(6246:6246): Config creado
[INFO] 01:36:15:070 CONSOLA/(6246:6246): Se leyo el archivo correctamente
[INFO] 01:36:15:072 CONSOLA/(6246:6246): Se imprime el valor 3 por pantalla a pedido del kernel
[INFO] 01:36:15:073 CONSOLA/(6246:6246): Me llego el mensaje Finalizar
[INFO] 01:36:52:817 CONSOLA/(6339:6339): Config creado
[INFO] 01:36:52:819 CONSOLA/(6339:6339): Se leyo el archivo correctamente
[INFO] 01:36:52:822 CONSOLA/(6339:6339): Se imprime el valor 3 por pantalla a pedido del kernel
[INFO] 01:36:52:822 CONSOLA/(6339:6339): Me llego el mensaje Finalizar
[INFO] 01:37:35:941 CONSOLA/(6411:6411): Config creado
[INFO] 01:37:35:942 CONSOLA/(6411:6411): Se leyo el archivo correctamente
[INFO] 01:37:35:944 CONSOLA/(6411:6411): Se imprime el valor 3 por pantalla a pedido del kernel
[INFO] 01:37:35:945 CONSOLA/(6411:6411): Me llego el mensaje Finalizar
[INFO] 01:38:51:943 CONSOLA/(6490:6490): Config creado
[INFO] 01:38:51:945 CONSOLA/(6490:6490): Se leyo el archivo correctamente
[INFO] 01:38:51:947 CONSOLA/(6490:6490): Se imprime el valor 3 por pantalla a pedido del kernel
[INFO] 01:38:51:947 CONSOLA/(6490:6490): Me llego el mensaje Finalizar
[INFO] 01:39:27:240 CONSOLA/(6559:6559): Config creado
[INFO] 01:39:27:241 CONSOLA/(6559:6559): Se leyo el archivo correctamente
[INFO] 01:39:27:244 CONSOLA/(6559:6559): Se imprime el valor 3 por pantalla a pedido del kernel
[INFO] 01:39:27:244 CONSOLA/(6559:6559): Me llego el mensaje Finalizar
[INFO] 01:40:25:833 CONSOLA/(6657:6657): Config creado
[INFO] 01:40:25:835 CONSOLA/(6657:6657): Se leyo el archivo correctamente
[INFO] 01:40:25:838 CONSOLA/(6657:6657): Se imprime el valor 3 por pantalla a pedido del kernel
[INFO] 01:40:25:838 CONSOLA/(6657:6657): Me llego el mensaje Finalizar
[INFO] 01:42:22:220 CONSOLA/(6941:6941): Config creado
[INFO] 01:42:22:220 CONSOLA/(6941:6941): Se leyo el archivo correctamente
[INFO] 01:42:22:223 CONSOLA/(6941:6941): Se imprime el valor 3 por pantalla a pedido del kernel
[INFO] 01:42:22:223 CONSOLA/(6941:6941): Me llego el mensaje Finalizar
[INFO] 01:47:31:801 CONSOLA/(7170:7170): Config creado
[INFO] 01:47:31:802 CONSOLA/(7170:7170): Se leyo el archivo correctamente
[INFO] 01:47:31:804 CONSOLA/(7170:7170): Se imprime el valor 3 por pantalla a pedido del kernel
[INFO] 01:47:31:805 CONSOLA/(7170:7170): Me llego el mensaje Finalizar
[INFO] 17:29:45:160 CONSOLA/(2190:2190): Config creado
[INFO] 17:29:45:162 CONSOLA/(2190:2190): Se leyo el archivo correctamente
[INFO] 17:29:45:178 CONSOLA/(2190:2190): Se imprime el valor 3 por pantalla a pedido del kernel
[INFO] 17:29:45:178 CONSOLA/(2190:2190): Me llego el mensaje Finalizar
