[ERROR] 20:00:49:302 KERNEL/(1855:1855): Falta un parametro
[INFO] 20:01:45:262 KERNEL/(1881:1881): Iniciando conexion con consola
[INFO] 20:01:45:262 KERNEL/(1881:1881): Kernel listo para recibir a consola
[INFO] 20:02:31:971 KERNEL/(1917:1917): Iniciando conexion con consola
[INFO] 20:02:31:971 KERNEL/(1917:1917): Kernel listo para recibir a consola
[INFO] 20:04:49:693 KERNEL/(2322:2322): Iniciando conexion con consola
[INFO] 20:04:49:693 KERNEL/(2322:2322): Kernel listo para recibir a consola
[INFO] 20:04:52:741 KERNEL/(2338:2338): Iniciando conexion con consola
[INFO] 20:04:52:755 KERNEL/(2338:2338): Kernel listo para recibir a consola
[INFO] 20:05:03:731 KERNEL/(2479:2479): Iniciando conexion con consola
[INFO] 20:05:03:732 KERNEL/(2479:2479): Kernel listo para recibir a consola
[INFO] 20:05:30:388 KERNEL/(2732:2732): Iniciando conexion con consola
[INFO] 20:05:30:389 KERNEL/(2732:2732): Kernel listo para recibir a consola
[INFO] 20:06:40:606 KERNEL/(2800:2800): Iniciando conexion con consola
[INFO] 20:06:40:607 KERNEL/(2800:2800): Kernel listo para recibir a consola
[INFO] 20:06:47:608 KERNEL/(2732:2732): Se conecto la consola!
[INFO] 20:06:47:608 KERNEL/(2732:2732): El tamanio del primer segmento es: 32
[ERROR] 20:06:47:609 KERNEL/(2732:2732): La consola se desconecto. Finalizando Kernel
[INFO] 20:38:33:158 KERNEL/(3868:3868): Iniciando conexion con consola
[INFO] 20:38:33:162 KERNEL/(3868:3868): Kernel listo para recibir a consola
[INFO] 20:38:36:741 KERNEL/(3887:3887): Iniciando conexion con consola
[INFO] 20:38:36:748 KERNEL/(3887:3887): Kernel listo para recibir a consola
[INFO] 20:38:43:718 KERNEL/(3868:3868): Se conecto la consola!
[INFO] 20:38:43:718 KERNEL/(3868:3868): El tamanio del primer segmento es: 32
[ERROR] 20:38:43:978 KERNEL/(3868:3868): La consola se desconecto. Finalizando Kernel
[INFO] 20:39:03:650 KERNEL/(3953:3953): Iniciando conexion con consola
[INFO] 20:39:03:650 KERNEL/(3953:3953): Kernel listo para recibir a consola
[INFO] 20:39:08:737 KERNEL/(3953:3953): Se conecto la consola!
[INFO] 20:39:08:737 KERNEL/(3953:3953): El tamanio del primer segmento es: 32
[ERROR] 20:39:08:979 KERNEL/(3953:3953): La consola se desconecto. Finalizando Kernel
[INFO] 20:39:50:571 KERNEL/(3990:3990): Iniciando conexion con consola
[INFO] 20:39:50:573 KERNEL/(3990:3990): Kernel listo para recibir a consola
[INFO] 20:39:54:965 KERNEL/(3990:3990): Se conecto la consola!
[INFO] 20:39:54:966 KERNEL/(3990:3990): El tamanio del primer segmento es: 32
[ERROR] 20:39:54:967 KERNEL/(3990:3990): La consola se desconecto. Finalizando Kernel
[INFO] 20:43:45:907 KERNEL/(4069:4069): Iniciando conexion con consola
[INFO] 20:43:45:908 KERNEL/(4069:4069): Kernel listo para recibir a consola
[INFO] 20:43:49:234 KERNEL/(4086:4086): Iniciando conexion con consola
[INFO] 20:43:49:234 KERNEL/(4086:4086): Kernel listo para recibir a consola
[INFO] 20:43:56:357 KERNEL/(4108:4108): Iniciando conexion con consola
[INFO] 20:43:56:365 KERNEL/(4108:4108): Kernel listo para recibir a consola
[INFO] 20:43:58:634 KERNEL/(4108:4108): Se conecto la consola!
[INFO] 20:43:58:635 KERNEL/(4108:4108): El tamanio del primer segmento es: 32
[ERROR] 20:43:58:635 KERNEL/(4108:4108): La consola se desconecto. Finalizando Kernel
[INFO] 20:44:25:685 KERNEL/(4192:4192): Iniciando conexion con consola
[INFO] 20:44:25:686 KERNEL/(4192:4192): Kernel listo para recibir a consola
[INFO] 20:44:29:359 KERNEL/(4192:4192): Se conecto la consola!
[INFO] 20:44:29:359 KERNEL/(4192:4192): El tamanio del primer segmento es: 32
[ERROR] 20:44:29:359 KERNEL/(4192:4192): La consola se desconecto. Finalizando Kernel
[INFO] 21:20:54:699 KERNEL/(6226:6226): Iniciando conexion con consola
[INFO] 21:20:54:699 KERNEL/(6226:6226): Kernel listo para recibir a consola
[INFO] 21:20:58:741 KERNEL/(6226:6226): Se conecto la consola!
[INFO] 21:20:58:741 KERNEL/(6226:6226): El tamanio del primer segmento es: 32
[INFO] 21:20:58:741 KERNEL/(6226:6226): me llegaron las instrucciones
[INFO] 21:30:02:995 KERNEL/(6574:6574): Iniciando conexion con consola
[INFO] 21:30:02:995 KERNEL/(6574:6574): Kernel listo para recibir a consola
[INFO] 21:30:06:075 KERNEL/(6574:6574): Se conecto la consola!
[INFO] 21:30:06:076 KERNEL/(6574:6574): El tamanio del primer segmento es: 32
[INFO] 21:30:06:076 KERNEL/(6574:6574): me llegaron las instrucciones
[INFO] 21:32:31:758 KERNEL/(6820:6820): Iniciando conexion con consola
[INFO] 21:32:31:758 KERNEL/(6820:6820): Kernel listo para recibir a consola
[INFO] 21:32:35:771 KERNEL/(6820:6820): Se conecto la consola!
[INFO] 21:32:35:771 KERNEL/(6820:6820): El tamanio del primer segmento es: 32
[INFO] 21:32:35:771 KERNEL/(6820:6820): me llegaron las instrucciones
[INFO] 21:33:46:095 KERNEL/(6878:6878): Iniciando conexion con consola
[INFO] 21:33:55:396 KERNEL/(6878:6878): Kernel listo para recibir a consola
[INFO] 21:34:25:538 KERNEL/(6878:6878): Se conecto la consola!
[INFO] 21:34:38:535 KERNEL/(6878:6878): El tamanio del primer segmento es: 32
[INFO] 21:34:43:043 KERNEL/(6878:6878): me llegaron las instrucciones
[INFO] 21:36:33:767 KERNEL/(7006:7006): Iniciando conexion con consola
[INFO] 21:36:41:591 KERNEL/(7006:7006): Kernel listo para recibir a consola
[INFO] 21:36:51:629 KERNEL/(7006:7006): Se conecto la consola!
[INFO] 21:37:05:405 KERNEL/(7006:7006): El tamanio del primer segmento es: 32
[INFO] 21:38:06:999 KERNEL/(7092:7092): Iniciando conexion con consola
[INFO] 21:38:12:837 KERNEL/(7092:7092): Kernel listo para recibir a consola
[INFO] 21:38:17:682 KERNEL/(7092:7092): Se conecto la consola!
[INFO] 21:38:20:427 KERNEL/(7092:7092): El tamanio del primer segmento es: 32
[INFO] 21:45:33:210 KERNEL/(7299:7299): Iniciando conexion con consola
[INFO] 21:45:33:210 KERNEL/(7299:7299): Kernel listo para recibir a consola
[INFO] 21:45:36:319 KERNEL/(7299:7299): Se conecto la consola!
[INFO] 21:45:36:319 KERNEL/(7299:7299): El tamanio del primer segmento es: 32
[ERROR] 21:45:36:319 KERNEL/(7299:7299): La consola se desconecto. Finalizando Kernel
[INFO] 21:47:53:388 KERNEL/(7378:7378): Iniciando conexion con consola
[INFO] 21:47:53:389 KERNEL/(7378:7378): Kernel listo para recibir a consola
[INFO] 21:48:09:808 KERNEL/(7378:7378): Se conecto la consola!
[INFO] 21:48:10:259 KERNEL/(7378:7378): El tamanio del primer segmento es: 32
[INFO] 21:48:46:958 KERNEL/(7378:7378): me llegaron las instrucciones
[INFO] 21:52:52:814 KERNEL/(7618:7618): Iniciando conexion con consola
[INFO] 21:52:52:814 KERNEL/(7618:7618): Kernel listo para recibir a consola
[INFO] 21:52:55:905 KERNEL/(7618:7618): Se conecto la consola!
[INFO] 21:52:55:905 KERNEL/(7618:7618): El tamanio del primer segmento es: 32
[INFO] 21:52:55:906 KERNEL/(7618:7618): me llegaron las instrucciones
[INFO] 22:19:06:643 KERNEL/(7750:7750): Iniciando conexion con consola
[INFO] 22:19:06:644 KERNEL/(7750:7750): Kernel listo para recibir a consola
[INFO] 22:19:09:100 KERNEL/(7750:7750): Se conecto la consola!
[INFO] 22:19:09:100 KERNEL/(7750:7750): El tamanio del primer segmento es: 32
[INFO] 22:19:09:100 KERNEL/(7750:7750): me llegaron las instrucciones
[INFO] 22:20:56:519 KERNEL/(7949:7949): Iniciando conexion con consola
[INFO] 22:20:56:519 KERNEL/(7949:7949): Kernel listo para recibir a consola
[INFO] 22:20:58:338 KERNEL/(7962:7962): Iniciando conexion con consola
[INFO] 22:20:58:339 KERNEL/(7962:7962): Kernel listo para recibir a consola
[INFO] 22:21:12:804 KERNEL/(8025:8025): Iniciando conexion con consola
[INFO] 22:21:12:805 KERNEL/(8025:8025): Kernel listo para recibir a consola
[INFO] 22:21:14:261 KERNEL/(8025:8025): Se conecto la consola!
[INFO] 22:21:14:263 KERNEL/(8025:8025): El tamanio del primer segmento es: 32
[INFO] 22:21:14:263 KERNEL/(8025:8025): me llegaron las instrucciones
[INFO] 22:24:34:861 KERNEL/(8143:8143): Iniciando conexion con consola
[INFO] 22:24:34:861 KERNEL/(8143:8143): Kernel listo para recibir a consola
[INFO] 22:24:42:833 KERNEL/(8143:8143): Se conecto la consola!
[INFO] 22:24:46:963 KERNEL/(8143:8143): El tamanio del primer segmento es: 32
[ERROR] 22:25:14:333 KERNEL/(8143:8143): La consola se desconecto. Finalizando Kernel
[INFO] 22:25:27:204 KERNEL/(8221:8221): Iniciando conexion con consola
[INFO] 22:25:27:207 KERNEL/(8221:8221): Kernel listo para recibir a consola
[INFO] 22:25:33:853 KERNEL/(8221:8221): Se conecto la consola!
[INFO] 22:25:34:298 KERNEL/(8221:8221): El tamanio del primer segmento es: 32
[ERROR] 22:25:46:957 KERNEL/(8221:8221): La consola se desconecto. Finalizando Kernel
[INFO] 22:25:58:871 KERNEL/(8290:8290): Iniciando conexion con consola
[INFO] 22:25:58:874 KERNEL/(8290:8290): Kernel listo para recibir a consola
[INFO] 22:26:05:296 KERNEL/(8290:8290): Se conecto la consola!
[INFO] 22:26:06:201 KERNEL/(8290:8290): El tamanio del primer segmento es: 32
[INFO] 22:26:09:874 KERNEL/(8290:8290): me llegaron las instrucciones
[INFO] 22:26:41:386 KERNEL/(8384:8384): Iniciando conexion con consola
[INFO] 22:26:41:386 KERNEL/(8384:8384): Kernel listo para recibir a consola
[INFO] 22:27:05:267 KERNEL/(8416:8416): Iniciando conexion con consola
[INFO] 22:27:08:847 KERNEL/(8416:8416): Kernel listo para recibir a consola
[INFO] 22:30:59:781 KERNEL/(8493:8493): Iniciando conexion con consola
[INFO] 22:31:05:971 KERNEL/(8493:8493): Kernel listo para recibir a consola
[INFO] 22:31:18:895 KERNEL/(8493:8493): Se conecto la consola!
[INFO] 22:31:25:325 KERNEL/(8493:8493): El tamanio del primer segmento es: 32
[INFO] 22:36:35:246 KERNEL/(8493:8493): me llegaron las instrucciones
[INFO] 22:37:25:531 KERNEL/(8877:8877): Iniciando conexion con consola
[INFO] 22:37:25:532 KERNEL/(8877:8877): Kernel listo para recibir a consola
[INFO] 22:37:28:505 KERNEL/(8877:8877): Se conecto la consola!
[INFO] 22:37:28:505 KERNEL/(8877:8877): El tamanio del primer segmento es: 32
[INFO] 22:37:28:505 KERNEL/(8877:8877): me llegaron las instrucciones
[INFO] 22:41:02:256 KERNEL/(9025:9025): Iniciando conexion con consola
[INFO] 22:41:02:256 KERNEL/(9025:9025): Kernel listo para recibir a consola
[INFO] 22:41:04:231 KERNEL/(9044:9044): Iniciando conexion con consola
[INFO] 22:41:04:234 KERNEL/(9044:9044): Kernel listo para recibir a consola
[INFO] 22:41:13:419 KERNEL/(9060:9060): Iniciando conexion con consola
[INFO] 22:41:13:419 KERNEL/(9060:9060): Kernel listo para recibir a consola
[INFO] 22:41:15:728 KERNEL/(9060:9060): Se conecto la consola!
[INFO] 22:41:15:728 KERNEL/(9060:9060): El tamanio del primer segmento es: 32
[INFO] 22:41:15:729 KERNEL/(9060:9060): me llegaron las instrucciones
[INFO] 22:41:15:729 KERNEL/(9060:9060): me llego SET 
[ERROR] 22:41:15:729 KERNEL/(9060:9060): La consola se desconecto. Finalizando Kernel
[INFO] 22:41:54:361 KERNEL/(9128:9128): Iniciando conexion con consola
[INFO] 22:41:54:368 KERNEL/(9128:9128): Kernel listo para recibir a consola
[INFO] 22:41:56:176 KERNEL/(9146:9146): Iniciando conexion con consola
[INFO] 22:41:56:182 KERNEL/(9146:9146): Kernel listo para recibir a consola
[INFO] 22:42:02:515 KERNEL/(9167:9167): Iniciando conexion con consola
[INFO] 22:42:02:516 KERNEL/(9167:9167): Kernel listo para recibir a consola
[INFO] 22:42:04:072 KERNEL/(9167:9167): Se conecto la consola!
[INFO] 22:42:04:072 KERNEL/(9167:9167): El tamanio del primer segmento es: 32
[INFO] 22:42:04:072 KERNEL/(9167:9167): me llegaron las instrucciones
[INFO] 22:42:04:072 KERNEL/(9167:9167): SET
[INFO] 22:42:04:072 KERNEL/(9167:9167): ADD
[INFO] 22:42:04:072 KERNEL/(9167:9167): MOV_IN
[INFO] 22:42:04:072 KERNEL/(9167:9167): MOV_OUT
[INFO] 22:42:04:072 KERNEL/(9167:9167): I/O
[INFO] 22:42:04:072 KERNEL/(9167:9167): EXIT
[ERROR] 22:42:04:073 KERNEL/(9167:9167): La consola se desconecto. Finalizando Kernel
[INFO] 22:42:55:312 KERNEL/(9223:9223): Iniciando conexion con consola
[INFO] 22:42:55:319 KERNEL/(9223:9223): Kernel listo para recibir a consola
[INFO] 22:42:56:735 KERNEL/(9223:9223): Se conecto la consola!
[INFO] 22:42:56:735 KERNEL/(9223:9223): El tamanio del primer segmento es: 32
[INFO] 22:42:56:735 KERNEL/(9223:9223): me llegaron las instrucciones
[INFO] 22:42:56:735 KERNEL/(9223:9223): SET
[INFO] 22:42:56:736 KERNEL/(9223:9223): ADD
[INFO] 22:42:56:736 KERNEL/(9223:9223): MOV_IN
[INFO] 22:42:56:736 KERNEL/(9223:9223): MOV_OUT
[INFO] 22:42:56:736 KERNEL/(9223:9223): I/O
[INFO] 22:42:56:736 KERNEL/(9223:9223): EXIT
[ERROR] 22:42:56:736 KERNEL/(9223:9223): La consola se desconecto. Finalizando Kernel
[INFO] 22:44:02:586 KERNEL/(9301:9301): Iniciando conexion con consola
[INFO] 22:44:02:589 KERNEL/(9301:9301): Kernel listo para recibir a consola
[INFO] 22:44:05:016 KERNEL/(9301:9301): Se conecto la consola!
[INFO] 22:44:05:016 KERNEL/(9301:9301): El tamanio del primer segmento es: 32
[INFO] 22:44:05:016 KERNEL/(9301:9301): me llegaron las instrucciones
[INFO] 22:44:05:016 KERNEL/(9301:9301): SET
[INFO] 22:44:05:016 KERNEL/(9301:9301): ADD
[INFO] 22:44:05:016 KERNEL/(9301:9301): MOV_IN
[INFO] 22:44:05:016 KERNEL/(9301:9301): MOV_OUT
[INFO] 22:44:05:016 KERNEL/(9301:9301): I/O
[INFO] 22:44:05:016 KERNEL/(9301:9301): EXIT
[ERROR] 22:44:05:016 KERNEL/(9301:9301): La consola se desconecto. Finalizando Kernel
[INFO] 22:52:10:708 KERNEL/(9700:9700): Iniciando conexion con consola
[INFO] 22:52:10:708 KERNEL/(9700:9700): Kernel listo para recibir a consola
[INFO] 22:52:13:502 KERNEL/(9700:9700): Se conecto la consola!
[INFO] 22:52:13:502 KERNEL/(9700:9700): El tamanio del primer segmento es: 32
[INFO] 22:52:13:503 KERNEL/(9700:9700): me llegaron las instrucciones
[INFO] 22:52:13:503 KERNEL/(9700:9700): SET
[INFO] 22:52:13:503 KERNEL/(9700:9700): ADD
[INFO] 22:52:13:503 KERNEL/(9700:9700): MOV_IN
[INFO] 22:52:13:503 KERNEL/(9700:9700): MOV_OUT
[INFO] 22:52:13:503 KERNEL/(9700:9700): I/O
[INFO] 22:52:13:503 KERNEL/(9700:9700): EXIT
[ERROR] 22:52:13:503 KERNEL/(9700:9700): La consola se desconecto. Finalizando Kernel
[INFO] 22:54:43:562 KERNEL/(9865:9865): Iniciando conexion con consola
[INFO] 22:54:43:563 KERNEL/(9865:9865): Kernel listo para recibir a consola
[INFO] 22:54:46:064 KERNEL/(9865:9865): Se conecto la consola!
[INFO] 22:54:46:064 KERNEL/(9865:9865): El tamanio del primer segmento es: 32
[INFO] 22:54:46:064 KERNEL/(9865:9865): me llegaron las instrucciones
[INFO] 22:54:46:064 KERNEL/(9865:9865): SET
[INFO] 22:54:46:064 KERNEL/(9865:9865): ADD
[INFO] 22:54:46:064 KERNEL/(9865:9865): MOV_IN
[INFO] 22:54:46:064 KERNEL/(9865:9865): MOV_OUT
[INFO] 22:54:46:064 KERNEL/(9865:9865): I/O
[INFO] 22:54:46:064 KERNEL/(9865:9865): EXIT
[ERROR] 22:54:46:065 KERNEL/(9865:9865): La consola se desconecto. Finalizando Kernel
[INFO] 22:58:51:111 KERNEL/(9990:9990): Iniciando conexion con consola
[INFO] 22:58:51:111 KERNEL/(9990:9990): Kernel listo para recibir a consola
[INFO] 22:58:53:759 KERNEL/(9990:9990): Se conecto la consola!
[INFO] 22:58:53:759 KERNEL/(9990:9990): El tamanio del primer segmento es: 32
[INFO] 22:58:53:759 KERNEL/(9990:9990): me llegaron las instrucciones
[INFO] 22:58:53:759 KERNEL/(9990:9990): SET
[INFO] 22:58:53:759 KERNEL/(9990:9990): ADD
[INFO] 22:58:53:759 KERNEL/(9990:9990): MOV_IN
[INFO] 22:58:53:759 KERNEL/(9990:9990): MOV_OUT
[INFO] 22:58:53:759 KERNEL/(9990:9990): I/O
[INFO] 22:58:53:759 KERNEL/(9990:9990): EXIT
[ERROR] 22:58:53:759 KERNEL/(9990:9990): La consola se desconecto. Finalizando Kernel
[INFO] 23:07:06:974 KERNEL/(10568:10568): Iniciando conexion con consola
[INFO] 23:07:06:978 KERNEL/(10568:10568): Kernel listo para recibir a consola
[INFO] 23:07:09:088 KERNEL/(10579:10579): Iniciando conexion con consola
[INFO] 23:07:09:088 KERNEL/(10579:10579): Kernel listo para recibir a consola
[INFO] 23:07:15:679 KERNEL/(10602:10602): Iniciando conexion con consola
[INFO] 23:07:15:679 KERNEL/(10602:10602): Kernel listo para recibir a consola
[INFO] 23:07:17:920 KERNEL/(10602:10602): Se conecto la consola!
[INFO] 23:07:17:920 KERNEL/(10602:10602): El tamanio del primer segmento es: 32
[INFO] 23:07:17:920 KERNEL/(10602:10602): me llegaron las instrucciones
[INFO] 23:07:17:920 KERNEL/(10602:10602): SET
[INFO] 23:07:17:920 KERNEL/(10602:10602): ADD
[INFO] 23:07:17:920 KERNEL/(10602:10602): MOV_IN
[INFO] 23:07:17:920 KERNEL/(10602:10602): MOV_OUT
[INFO] 23:07:17:920 KERNEL/(10602:10602): I/O
[INFO] 23:07:17:920 KERNEL/(10602:10602): EXIT
[ERROR] 23:07:17:920 KERNEL/(10602:10602): La consola se desconecto. Finalizando Kernel
[INFO] 23:12:53:795 KERNEL/(10947:10947): Iniciando conexion con consola
[INFO] 23:12:53:795 KERNEL/(10947:10947): Kernel listo para recibir a consola
[INFO] 23:12:57:026 KERNEL/(10947:10947): Se conecto la consola!
[INFO] 23:12:57:026 KERNEL/(10947:10947): El tamanio del primer segmento es: 32
[INFO] 23:12:57:026 KERNEL/(10947:10947): me llegaron las instrucciones
[INFO] 23:12:57:026 KERNEL/(10947:10947): SET
[INFO] 23:12:57:026 KERNEL/(10947:10947): ADD
[INFO] 23:12:57:026 KERNEL/(10947:10947): MOV_IN
[INFO] 23:12:57:026 KERNEL/(10947:10947): MOV_OUT
[INFO] 23:12:57:026 KERNEL/(10947:10947): I/O
[INFO] 23:12:57:026 KERNEL/(10947:10947): EXIT
[ERROR] 23:12:57:026 KERNEL/(10947:10947): La consola se desconecto. Finalizando Kernel
[INFO] 12:30:33:829 KERNEL/(5316:5316): Iniciando conexion con consola
[INFO] 12:30:33:844 KERNEL/(5316:5316): Kernel listo para recibir a consola
[INFO] 12:30:43:615 KERNEL/(5316:5316): Se conecto la consola!
[INFO] 12:30:43:615 KERNEL/(5316:5316): El tamanio del primer segmento es: 32
[INFO] 12:30:43:618 KERNEL/(5316:5316): me llegaron las instrucciones
[INFO] 12:30:43:618 KERNEL/(5316:5316): SET
[INFO] 12:30:43:618 KERNEL/(5316:5316): ADD
[INFO] 12:30:43:618 KERNEL/(5316:5316): MOV_IN
[INFO] 12:30:43:619 KERNEL/(5316:5316): MOV_OUT
[INFO] 12:30:43:619 KERNEL/(5316:5316): I/O
[INFO] 12:30:43:619 KERNEL/(5316:5316): EXIT
[ERROR] 12:30:43:619 KERNEL/(5316:5316): La consola se desconecto. Finalizando Kernel
[INFO] 18:24:48:659 KERNEL/(2781:2781): Iniciando conexion con consola
[INFO] 18:24:48:684 KERNEL/(2781:2781): Kernel listo para recibir a consola
[INFO] 18:25:09:427 KERNEL/(2781:2781): Se conecto la consola!
[INFO] 18:25:09:427 KERNEL/(2781:2781): El tamanio del primer segmento es: 32
[INFO] 18:25:09:436 KERNEL/(2781:2781): me llegaron las instrucciones
[INFO] 18:25:09:436 KERNEL/(2781:2781): SET
[INFO] 18:25:09:436 KERNEL/(2781:2781): ADD
[INFO] 18:25:09:436 KERNEL/(2781:2781): MOV_IN
[INFO] 18:25:09:436 KERNEL/(2781:2781): MOV_OUT
[INFO] 18:25:09:436 KERNEL/(2781:2781): I/O
[INFO] 18:25:09:436 KERNEL/(2781:2781): EXIT
[ERROR] 18:25:09:437 KERNEL/(2781:2781): La consola se desconecto. Finalizando Kernel
[INFO] 18:29:29:039 KERNEL/(3208:3208): Iniciando conexion con consola
[INFO] 18:29:29:040 KERNEL/(3208:3208): Kernel listo para recibir a consola
[INFO] 18:29:33:439 KERNEL/(3208:3208): Se conecto la consola!
[INFO] 18:29:33:440 KERNEL/(3208:3208): El tamanio del primer segmento es: 32
[INFO] 18:29:33:441 KERNEL/(3208:3208): me llegaron las instrucciones
[INFO] 18:29:33:441 KERNEL/(3208:3208): SET
[INFO] 18:29:33:441 KERNEL/(3208:3208): ADD
[INFO] 18:29:33:441 KERNEL/(3208:3208): MOV_IN
[INFO] 18:29:33:441 KERNEL/(3208:3208): MOV_OUT
[INFO] 18:29:33:441 KERNEL/(3208:3208): I/O
[INFO] 18:29:33:441 KERNEL/(3208:3208): EXIT
[ERROR] 18:29:33:441 KERNEL/(3208:3208): La consola se desconecto. Finalizando Kernel
[INFO] 18:33:00:458 KERNEL/(3629:3629): Iniciando conexion con consola
[INFO] 18:33:00:458 KERNEL/(3629:3629): Kernel listo para recibir a consola
[INFO] 18:33:33:497 KERNEL/(3668:3668): Iniciando conexion con consola
[INFO] 18:33:33:499 KERNEL/(3668:3668): Kernel listo para recibir a consola
[INFO] 18:34:25:723 KERNEL/(3768:3768): Iniciando conexion con consola
[INFO] 18:34:25:737 KERNEL/(3768:3768): Kernel listo para recibir a consola
[INFO] 18:39:30:794 KERNEL/(4052:4052): Iniciando conexion con consola
[INFO] 18:39:30:794 KERNEL/(4052:4052): Kernel listo para recibir a consola
[INFO] 18:39:52:307 KERNEL/(4052:4052): Se conecto la consola!
[INFO] 18:39:55:599 KERNEL/(4052:4052): El tamanio del primer segmento es: 32
[INFO] 18:41:02:069 KERNEL/(4052:4052): me llegaron las instrucciones
[INFO] 18:41:02:070 KERNEL/(4052:4052): SET
[INFO] 18:41:02:070 KERNEL/(4052:4052): ADD
[INFO] 18:41:02:070 KERNEL/(4052:4052): MOV_IN
[INFO] 18:41:02:070 KERNEL/(4052:4052): MOV_OUT
[INFO] 18:41:02:070 KERNEL/(4052:4052): I/O
[INFO] 18:41:02:070 KERNEL/(4052:4052): EXIT
[ERROR] 18:41:53:429 KERNEL/(4052:4052): La consola se desconecto. Finalizando Kernel
[INFO] 18:42:56:945 KERNEL/(4288:4288): Iniciando conexion con consola
[INFO] 18:42:56:946 KERNEL/(4288:4288): Kernel listo para recibir a consola
[INFO] 18:43:01:626 KERNEL/(4288:4288): Se conecto la consola!
[INFO] 18:43:01:626 KERNEL/(4288:4288): El tamanio del primer segmento es: 32
[INFO] 18:43:01:627 KERNEL/(4288:4288): me llegaron las instrucciones
[INFO] 18:43:01:627 KERNEL/(4288:4288): SET
[INFO] 18:43:01:627 KERNEL/(4288:4288): ADD
[INFO] 18:43:01:627 KERNEL/(4288:4288): MOV_IN
[INFO] 18:43:01:627 KERNEL/(4288:4288): MOV_OUT
[INFO] 18:43:01:627 KERNEL/(4288:4288): I/O
[INFO] 18:43:01:627 KERNEL/(4288:4288): EXIT
[ERROR] 18:43:55:186 KERNEL/(4288:4288): La consola se desconecto. Finalizando Kernel
[INFO] 22:17:44:636 KERNEL/(2072:2072): Iniciando conexion con consola
[INFO] 22:17:44:638 KERNEL/(2072:2072): Kernel listo para recibir a consola
[INFO] 22:17:50:469 KERNEL/(2072:2072): Se conecto la consola!
[INFO] 22:17:50:469 KERNEL/(2072:2072): El tamanio del primer segmento es: 32
[INFO] 22:17:50:471 KERNEL/(2072:2072): me llegaron las instrucciones
[INFO] 22:17:50:471 KERNEL/(2072:2072): SET
[INFO] 22:17:50:471 KERNEL/(2072:2072): ADD
[INFO] 22:17:50:471 KERNEL/(2072:2072): MOV_IN
[INFO] 22:17:50:471 KERNEL/(2072:2072): MOV_OUT
[INFO] 22:17:50:471 KERNEL/(2072:2072): I/O
[INFO] 22:17:50:471 KERNEL/(2072:2072): EXIT
[ERROR] 22:18:07:224 KERNEL/(2072:2072): La consola se desconecto. Finalizando Kernel
[INFO] 22:53:31:307 KERNEL/(3527:3527): Iniciando conexion con consola
[INFO] 22:53:31:307 KERNEL/(3527:3527): Kernel listo para recibir a consola
[INFO] 22:53:37:627 KERNEL/(3527:3527): Se conecto la consola!
[INFO] 22:53:37:629 KERNEL/(3527:3527): El tamanio del primer segmento es: 32
[INFO] 22:53:37:641 KERNEL/(3527:3527): me llegaron las instrucciones
[INFO] 22:53:37:642 KERNEL/(3527:3527): SET
[INFO] 22:53:37:642 KERNEL/(3527:3527): ADD
[INFO] 22:53:37:642 KERNEL/(3527:3527): MOV_IN
[INFO] 22:53:37:642 KERNEL/(3527:3527): MOV_OUT
[INFO] 22:53:37:642 KERNEL/(3527:3527): I/O
[INFO] 22:53:37:642 KERNEL/(3527:3527): EXIT
[INFO] 22:57:01:047 KERNEL/(3704:3704): Iniciando conexion con consola
[INFO] 22:57:01:051 KERNEL/(3704:3704): Kernel listo para recibir a consola
[INFO] 22:57:07:820 KERNEL/(3704:3704): Se conecto la consola!
[INFO] 22:57:07:824 KERNEL/(3704:3704): El tamanio del primer segmento es: 32
[INFO] 22:57:07:824 KERNEL/(3704:3704): me llegaron las instrucciones
[INFO] 22:57:07:824 KERNEL/(3704:3704): SET
[INFO] 22:57:07:824 KERNEL/(3704:3704): ADD
[INFO] 22:57:07:824 KERNEL/(3704:3704): MOV_IN
[INFO] 22:57:07:824 KERNEL/(3704:3704): MOV_OUT
[INFO] 22:57:07:824 KERNEL/(3704:3704): I/O
[INFO] 22:57:07:824 KERNEL/(3704:3704): EXIT
[INFO] 22:58:46:051 KERNEL/(3760:3760): Iniciando conexion con consola
[INFO] 22:58:51:311 KERNEL/(3760:3760): Kernel listo para recibir a consola
[INFO] 22:59:05:651 KERNEL/(3760:3760): Se conecto la consola!
[INFO] 22:59:16:492 KERNEL/(3760:3760): El tamanio del primer segmento es: 32
[INFO] 22:59:22:744 KERNEL/(3760:3760): me llegaron las instrucciones
[INFO] 22:59:29:958 KERNEL/(3760:3760): SET
[INFO] 22:59:29:958 KERNEL/(3760:3760): ADD
[INFO] 22:59:29:958 KERNEL/(3760:3760): MOV_IN
[INFO] 22:59:29:958 KERNEL/(3760:3760): MOV_OUT
[INFO] 22:59:29:958 KERNEL/(3760:3760): I/O
[INFO] 22:59:29:958 KERNEL/(3760:3760): EXIT
[INFO] 23:00:37:798 KERNEL/(3921:3921): Iniciando conexion con consola
[INFO] 23:00:37:806 KERNEL/(3921:3921): Kernel listo para recibir a consola
[INFO] 23:01:00:063 KERNEL/(3974:3974): Iniciando conexion con consola
[INFO] 23:01:00:063 KERNEL/(3974:3974): Kernel listo para recibir a consola
[INFO] 23:01:28:613 KERNEL/(4007:4007): Iniciando conexion con consola
[INFO] 23:01:28:614 KERNEL/(4007:4007): Kernel listo para recibir a consola
[INFO] 23:01:33:026 KERNEL/(4007:4007): Se conecto la consola!
[INFO] 23:01:33:026 KERNEL/(4007:4007): El tamanio del primer segmento es: 32
[INFO] 23:01:33:027 KERNEL/(4007:4007): me llegaron las instrucciones
[INFO] 23:01:33:027 KERNEL/(4007:4007): SET
[INFO] 23:01:33:027 KERNEL/(4007:4007): ADD
[INFO] 23:01:33:027 KERNEL/(4007:4007): MOV_IN
[INFO] 23:01:33:027 KERNEL/(4007:4007): MOV_OUT
[INFO] 23:01:33:027 KERNEL/(4007:4007): I/O
[INFO] 23:01:33:027 KERNEL/(4007:4007): EXIT
[INFO] 23:01:33:030 KERNEL/(4007:4007): Me llego el mensaje Se imprimio el valor del registro
[ERROR] 23:01:33:030 KERNEL/(4007:4007): La consola se desconecto. Finalizando Kernel
[INFO] 23:02:36:766 KERNEL/(4051:4051): Iniciando conexion con consola
[INFO] 23:02:36:767 KERNEL/(4051:4051): Kernel listo para recibir a consola
[INFO] 23:02:47:400 KERNEL/(4051:4051): Se conecto la consola!
[INFO] 23:02:47:400 KERNEL/(4051:4051): El tamanio del primer segmento es: 32
[INFO] 23:02:47:400 KERNEL/(4051:4051): me llegaron las instrucciones
[INFO] 23:02:47:401 KERNEL/(4051:4051): SET
[INFO] 23:02:47:401 KERNEL/(4051:4051): ADD
[INFO] 23:02:47:401 KERNEL/(4051:4051): MOV_IN
[INFO] 23:02:47:401 KERNEL/(4051:4051): MOV_OUT
[INFO] 23:02:47:401 KERNEL/(4051:4051): I/O
[INFO] 23:02:47:401 KERNEL/(4051:4051): EXIT
[INFO] 23:02:47:403 KERNEL/(4051:4051): Me llego el mensaje Se imprimio el valor del registro
[ERROR] 23:02:47:404 KERNEL/(4051:4051): La consola se desconecto. Finalizando Kernel
[INFO] 23:08:22:131 KERNEL/(4177:4177): Iniciando conexion con consola
[INFO] 23:08:22:131 KERNEL/(4177:4177): Kernel listo para recibir a consola
[INFO] 23:08:52:232 KERNEL/(4225:4225): Iniciando conexion con consola
[INFO] 23:08:52:232 KERNEL/(4225:4225): Kernel listo para recibir a consola
[INFO] 23:08:58:878 KERNEL/(4225:4225): Se conecto la consola!
[INFO] 23:08:58:879 KERNEL/(4225:4225): El tamanio del primer segmento es: 32
[INFO] 23:08:58:879 KERNEL/(4225:4225): me llegaron las instrucciones
[INFO] 23:08:58:879 KERNEL/(4225:4225): SET
[INFO] 23:08:58:879 KERNEL/(4225:4225): ADD
[INFO] 23:08:58:879 KERNEL/(4225:4225): MOV_IN
[INFO] 23:08:58:879 KERNEL/(4225:4225): MOV_OUT
[INFO] 23:08:58:879 KERNEL/(4225:4225): I/O
[INFO] 23:08:58:879 KERNEL/(4225:4225): EXIT
[INFO] 23:08:58:882 KERNEL/(4225:4225): Me llego el mensaje Se imprimio el valor del registro
[WARNING] 23:08:58:882 KERNEL/(4225:4225): La consola nro 5 finalizo
[INFO] 22:38:45:493 KERNEL/(3915:3915): Iniciando conexion con consola
[INFO] 22:38:45:499 KERNEL/(3915:3915): Kernel listo para recibir a consola
[INFO] 22:38:51:802 KERNEL/(3915:3915): Se conecto la consola!
[INFO] 22:38:51:802 KERNEL/(3915:3915): El tamanio del primer segmento es: 32
[INFO] 22:38:51:814 KERNEL/(3915:3915): me llegaron las instrucciones
[INFO] 22:38:51:814 KERNEL/(3915:3915): SET
[INFO] 22:38:51:814 KERNEL/(3915:3915): ADD
[INFO] 22:38:51:814 KERNEL/(3915:3915): MOV_IN
[INFO] 22:38:51:814 KERNEL/(3915:3915): MOV_OUT
[INFO] 22:38:51:814 KERNEL/(3915:3915): I/O
[INFO] 22:38:51:814 KERNEL/(3915:3915): I/O
[INFO] 22:38:51:814 KERNEL/(3915:3915): I/O
[INFO] 22:38:51:814 KERNEL/(3915:3915): EXIT
[INFO] 22:38:51:821 KERNEL/(3915:3915): Me llego el mensaje Se imprimio el valor del registro
[WARNING] 22:38:51:826 KERNEL/(3915:3915): La consola nro 5 finalizo
[INFO] 22:52:17:975 KERNEL/(4784:4784): Iniciando conexion con consola
[INFO] 22:52:17:976 KERNEL/(4784:4784): Kernel listo para recibir a consola
[INFO] 22:53:53:609 KERNEL/(4784:4784): Se conecto la consola!
[INFO] 22:53:53:610 KERNEL/(4784:4784): El tamanio del primer segmento es: 32
[INFO] 22:53:53:610 KERNEL/(4784:4784): me llegaron las instrucciones
[INFO] 22:53:53:610 KERNEL/(4784:4784): SET
[INFO] 22:53:53:610 KERNEL/(4784:4784): ADD
[INFO] 22:53:53:610 KERNEL/(4784:4784): MOV_IN
[INFO] 22:53:53:610 KERNEL/(4784:4784): MOV_OUT
[INFO] 22:53:53:610 KERNEL/(4784:4784): I/O
[INFO] 22:53:53:610 KERNEL/(4784:4784): I/O
[INFO] 22:53:53:610 KERNEL/(4784:4784): I/O
[INFO] 22:53:53:610 KERNEL/(4784:4784): EXIT
[INFO] 22:54:39:796 KERNEL/(4897:4897): Iniciando conexion con consola
[INFO] 22:54:46:246 KERNEL/(4897:4897): Kernel listo para recibir a consola
[INFO] 22:54:54:298 KERNEL/(4897:4897): Se conecto la consola!
[INFO] 22:54:58:505 KERNEL/(4897:4897): El tamanio del primer segmento es: 32
[INFO] 22:55:02:309 KERNEL/(4897:4897): me llegaron las instrucciones
[INFO] 22:55:03:476 KERNEL/(4897:4897): SET
[INFO] 22:55:03:476 KERNEL/(4897:4897): ADD
[INFO] 22:55:03:476 KERNEL/(4897:4897): MOV_IN
[INFO] 22:55:03:476 KERNEL/(4897:4897): MOV_OUT
[INFO] 22:55:03:476 KERNEL/(4897:4897): I/O
[INFO] 22:55:03:476 KERNEL/(4897:4897): I/O
[INFO] 22:55:03:476 KERNEL/(4897:4897): I/O
[INFO] 22:55:03:476 KERNEL/(4897:4897): EXIT
[INFO] 22:59:23:535 KERNEL/(5178:5178): Iniciando conexion con consola
[INFO] 22:59:23:536 KERNEL/(5178:5178): Kernel listo para recibir a consola
[INFO] 22:59:35:728 KERNEL/(5178:5178): Se conecto la consola!
[INFO] 22:59:35:728 KERNEL/(5178:5178): El tamanio del primer segmento es: 32
[INFO] 22:59:35:728 KERNEL/(5178:5178): me llegaron las instrucciones
[INFO] 22:59:35:728 KERNEL/(5178:5178): SET
[INFO] 22:59:35:728 KERNEL/(5178:5178): ADD
[INFO] 22:59:35:728 KERNEL/(5178:5178): MOV_IN
[INFO] 22:59:35:728 KERNEL/(5178:5178): MOV_OUT
[INFO] 22:59:35:729 KERNEL/(5178:5178): I/O
[INFO] 22:59:35:729 KERNEL/(5178:5178): I/O
[INFO] 22:59:35:729 KERNEL/(5178:5178): I/O
[INFO] 22:59:35:729 KERNEL/(5178:5178): EXIT
[INFO] 22:59:35:729 KERNEL/(5178:5178): Se recibio el registro AX de valor 1
[INFO] 23:00:24:622 KERNEL/(5216:5216): Iniciando conexion con consola
[INFO] 23:00:24:623 KERNEL/(5216:5216): Kernel listo para recibir a consola
[INFO] 23:00:36:739 KERNEL/(5259:5259): Iniciando conexion con consola
[INFO] 23:00:36:740 KERNEL/(5259:5259): Kernel listo para recibir a consola
[INFO] 23:00:47:405 KERNEL/(5259:5259): Se conecto la consola!
[INFO] 23:00:47:406 KERNEL/(5259:5259): El tamanio del primer segmento es: 32
[INFO] 23:00:47:406 KERNEL/(5259:5259): me llegaron las instrucciones
[INFO] 23:00:47:406 KERNEL/(5259:5259): SET
[INFO] 23:00:47:406 KERNEL/(5259:5259): ADD
[INFO] 23:00:47:406 KERNEL/(5259:5259): MOV_IN
[INFO] 23:00:47:406 KERNEL/(5259:5259): MOV_OUT
[INFO] 23:00:47:406 KERNEL/(5259:5259): I/O
[INFO] 23:00:47:406 KERNEL/(5259:5259): I/O
[INFO] 23:00:47:406 KERNEL/(5259:5259): I/O
[INFO] 23:00:47:406 KERNEL/(5259:5259): EXIT
[INFO] 23:00:47:406 KERNEL/(5259:5259): Se recibio el registro AX de valor 5
[INFO] 23:02:38:805 KERNEL/(5450:5450): Iniciando conexion con consola
[INFO] 23:02:38:806 KERNEL/(5450:5450): Kernel listo para recibir a consola
[INFO] 23:02:42:172 KERNEL/(5450:5450): Se conecto la consola!
[INFO] 23:02:42:172 KERNEL/(5450:5450): El tamanio del primer segmento es: 32
[INFO] 23:02:42:172 KERNEL/(5450:5450): me llegaron las instrucciones
[INFO] 23:02:42:172 KERNEL/(5450:5450): SET
[INFO] 23:02:42:172 KERNEL/(5450:5450): ADD
[INFO] 23:02:42:172 KERNEL/(5450:5450): MOV_IN
[INFO] 23:02:42:172 KERNEL/(5450:5450): MOV_OUT
[INFO] 23:02:42:172 KERNEL/(5450:5450): I/O
[INFO] 23:02:42:172 KERNEL/(5450:5450): I/O
[INFO] 23:02:42:172 KERNEL/(5450:5450): I/O
[INFO] 23:02:42:172 KERNEL/(5450:5450): EXIT
[INFO] 23:02:42:173 KERNEL/(5450:5450): Se recibio el registro AX de valor 1
[INFO] 23:02:42:173 KERNEL/(5450:5450): Se recibio el registro BX de valor 22070
[INFO] 23:02:42:173 KERNEL/(5450:5450): Se recibio el registro CX de valor -215736144
[INFO] 23:02:42:173 KERNEL/(5450:5450): Se recibio el registro DX de valor 5
[INFO] 23:03:39:716 KERNEL/(5509:5509): Iniciando conexion con consola
[INFO] 23:03:39:717 KERNEL/(5509:5509): Kernel listo para recibir a consola
[INFO] 23:03:43:947 KERNEL/(5509:5509): Se conecto la consola!
[INFO] 23:03:43:948 KERNEL/(5509:5509): El tamanio del primer segmento es: 32
[INFO] 23:03:43:948 KERNEL/(5509:5509): me llegaron las instrucciones
[INFO] 23:03:43:948 KERNEL/(5509:5509): SET
[INFO] 23:03:43:948 KERNEL/(5509:5509): ADD
[INFO] 23:03:43:948 KERNEL/(5509:5509): MOV_IN
[INFO] 23:03:43:948 KERNEL/(5509:5509): MOV_OUT
[INFO] 23:03:43:948 KERNEL/(5509:5509): I/O
[INFO] 23:03:43:948 KERNEL/(5509:5509): I/O
[INFO] 23:03:43:948 KERNEL/(5509:5509): I/O
[INFO] 23:03:43:948 KERNEL/(5509:5509): EXIT
[INFO] 23:03:43:948 KERNEL/(5509:5509): Se recibio el registro AX de valor 1
[INFO] 23:03:43:948 KERNEL/(5509:5509): Se recibio el registro BX de valor 4
[INFO] 23:03:43:948 KERNEL/(5509:5509): Se recibio el registro CX de valor 5
[INFO] 23:03:43:948 KERNEL/(5509:5509): Se recibio el registro DX de valor 7
[INFO] 23:03:43:951 KERNEL/(5509:5509): Me llego el mensaje Se imprimio el valor del registro
[WARNING] 23:03:43:951 KERNEL/(5509:5509): La consola nro 5 finalizo
